[W NNPACK.cpp:80] Could not initialize NNPACK! Reason: Unsupported hardware.
(array([0.14214495, 0.1417949 , 0.14191428, 0.1440411 , 0.14359932,
       0.14241427, 0.1440912 ], dtype=float32), array([-0.00421006], dtype=float32))
(array([0.14160043, 0.14369039, 0.14411852, 0.1410927 , 0.14316194,
       0.14438502, 0.141951  ], dtype=float32), array([-0.00035318], dtype=float32))
Starting first iteration
Finished iteration 10 of 1000
Previous iteration took 224.58 seconds. Average iteration time is 227.92 seconds.
Done in 3778.0 seconds.
Starting first iteration
Finished iteration 10 of 1000
Previous iteration took 226.66 seconds. Average iteration time is 200.74 seconds.
Done in 3708.0 seconds.
(array([0.14285715, 0.14285715, 0.14285715, 0.14285715, 0.14285715,
       0.14285715, 0.14285715], dtype=float32), array([0.13712771], dtype=float32))
(array([0.1395652 , 0.13954312, 0.14075002, 0.14759615, 0.14626469,
       0.14212455, 0.14415622], dtype=float32), array([0.01559541], dtype=float32))
Checkpoint Directory exists! 
Checkpoint Directory exists! 
3 wins in 5 games. 70.0 seconds elapsed
3 wins in 9 games. 148.0 seconds elapsed
3 wins in 12 games. 231.0 seconds elapsed
3 wins in 16 games. 294.0 seconds elapsed
4 wins in 21 games. 370.0 seconds elapsed
7 wins in 25 games. 434.0 seconds elapsed
7 wins in 29 games. 495.0 seconds elapsed
9 wins in 33 games. 562.0 seconds elapsed
11 wins in 37 games. 641.0 seconds elapsed
11 wins in 40 games. 712.0 seconds elapsed
12 wins in 43 games. 777.0 seconds elapsed
14 wins in 47 games. 852.0 seconds elapsed
14 wins in 52 games. 920.0 seconds elapsed
15 wins in 57 games. 998.0 seconds elapsed
16 wins in 61 games. 1065.0 seconds elapsed
20 wins in 65 games. 1127.0 seconds elapsed
22 wins in 69 games. 1196.0 seconds elapsed
27 wins in 74 games. 1270.0 seconds elapsed
30 wins in 78 games. 1335.0 seconds elapsed
34 wins in 83 games. 1411.0 seconds elapsed
35 wins in 87 games. 1482.0 seconds elapsed
35 wins in 91 games. 1547.0 seconds elapsed
35 wins in 95 games. 1612.0 seconds elapsed
38 wins in 99 games. 1684.0 seconds elapsed
Won 38 games out of 100. Done in 1698.0 seconds
1 wins in 5 games. 65.0 seconds elapsed
2 wins in 11 games. 130.0 seconds elapsed
5 wins in 17 games. 203.0 seconds elapsed
8 wins in 22 games. 290.0 seconds elapsed
8 wins in 26 games. 362.0 seconds elapsed
9 wins in 30 games. 430.0 seconds elapsed
10 wins in 36 games. 504.0 seconds elapsed
15 wins in 43 games. 569.0 seconds elapsed
17 wins in 47 games. 639.0 seconds elapsed
21 wins in 52 games. 710.0 seconds elapsed
25 wins in 57 games. 773.0 seconds elapsed
26 wins in 62 games. 838.0 seconds elapsed
30 wins in 66 games. 913.0 seconds elapsed
34 wins in 70 games. 989.0 seconds elapsed
37 wins in 74 games. 1051.0 seconds elapsed
38 wins in 79 games. 1118.0 seconds elapsed
41 wins in 85 games. 1193.0 seconds elapsed
42 wins in 89 games. 1263.0 seconds elapsed
44 wins in 93 games. 1325.0 seconds elapsed
45 wins in 97 games. 1393.0 seconds elapsed
46 wins in 100 games. 1458.0 seconds elapsed
Won 46 games out of 100. Done in 1458.0 seconds
6 wins in 7 games. 66.0 seconds elapsed
10 wins in 13 games. 138.0 seconds elapsed
13 wins in 17 games. 212.0 seconds elapsed
13 wins in 20 games. 272.0 seconds elapsed
18 wins in 25 games. 335.0 seconds elapsed
23 wins in 31 games. 405.0 seconds elapsed
24 wins in 36 games. 483.0 seconds elapsed
28 wins in 41 games. 544.0 seconds elapsed
31 wins in 45 games. 607.0 seconds elapsed
34 wins in 48 games. 680.0 seconds elapsed
39 wins in 53 games. 742.0 seconds elapsed
43 wins in 58 games. 820.0 seconds elapsed
47 wins in 62 games. 881.0 seconds elapsed
51 wins in 68 games. 946.0 seconds elapsed
56 wins in 74 games. 1017.0 seconds elapsed
59 wins in 78 games. 1079.0 seconds elapsed
61 wins in 82 games. 1145.0 seconds elapsed
63 wins in 87 games. 1205.0 seconds elapsed
66 wins in 92 games. 1274.0 seconds elapsed
70 wins in 96 games. 1338.0 seconds elapsed
Won 73 games out of 100. Done in 1389.0 seconds
26 wins in 26 games. 61.0 seconds elapsed
50 wins in 50 games. 125.0 seconds elapsed
73 wins in 73 games. 187.0 seconds elapsed
96 wins in 96 games. 248.0 seconds elapsed
Won 100 games out of 100. Done in 258.0 seconds
5 wins in 6 games. 68.0 seconds elapsed
11 wins in 12 games. 140.0 seconds elapsed
14 wins in 18 games. 207.0 seconds elapsed
17 wins in 23 games. 275.0 seconds elapsed
22 wins in 29 games. 342.0 seconds elapsed
24 wins in 33 games. 404.0 seconds elapsed
27 wins in 38 games. 473.0 seconds elapsed
32 wins in 43 games. 537.0 seconds elapsed
35 wins in 47 games. 609.0 seconds elapsed
38 wins in 52 games. 674.0 seconds elapsed
40 wins in 56 games. 739.0 seconds elapsed
44 wins in 61 games. 808.0 seconds elapsed
46 wins in 65 games. 872.0 seconds elapsed
50 wins in 69 games. 937.0 seconds elapsed
54 wins in 74 games. 999.0 seconds elapsed
55 wins in 78 games. 1066.0 seconds elapsed
59 wins in 83 games. 1129.0 seconds elapsed
62 wins in 88 games. 1194.0 seconds elapsed
67 wins in 93 games. 1261.0 seconds elapsed
68 wins in 97 games. 1324.0 seconds elapsed
Won 70 games out of 100. Done in 1365.0 seconds
2 wins in 6 games. 61.0 seconds elapsed
8 wins in 13 games. 123.0 seconds elapsed
14 wins in 20 games. 186.0 seconds elapsed
18 wins in 26 games. 256.0 seconds elapsed
21 wins in 31 games. 323.0 seconds elapsed
25 wins in 37 games. 383.0 seconds elapsed
28 wins in 41 games. 445.0 seconds elapsed
31 wins in 46 games. 515.0 seconds elapsed
31 wins in 49 games. 578.0 seconds elapsed
32 wins in 52 games. 639.0 seconds elapsed
36 wins in 57 games. 704.0 seconds elapsed
40 wins in 61 games. 770.0 seconds elapsed
43 wins in 65 games. 837.0 seconds elapsed
46 wins in 69 games. 901.0 seconds elapsed
49 wins in 73 games. 966.0 seconds elapsed
52 wins in 77 games. 1035.0 seconds elapsed
54 wins in 81 games. 1104.0 seconds elapsed
55 wins in 85 games. 1175.0 seconds elapsed
57 wins in 88 games. 1251.0 seconds elapsed
61 wins in 93 games. 1316.0 seconds elapsed
63 wins in 97 games. 1383.0 seconds elapsed
Won 65 games out of 100. Done in 1423.0 seconds
6 wins in 6 games. 70.0 seconds elapsed
12 wins in 12 games. 131.0 seconds elapsed
17 wins in 17 games. 199.0 seconds elapsed
24 wins in 24 games. 269.0 seconds elapsed
29 wins in 30 games. 338.0 seconds elapsed
34 wins in 36 games. 410.0 seconds elapsed
39 wins in 42 games. 478.0 seconds elapsed
44 wins in 48 games. 547.0 seconds elapsed
48 wins in 52 games. 608.0 seconds elapsed
52 wins in 57 games. 678.0 seconds elapsed
58 wins in 63 games. 745.0 seconds elapsed
64 wins in 69 games. 809.0 seconds elapsed
70 wins in 75 games. 876.0 seconds elapsed
75 wins in 80 games. 951.0 seconds elapsed
78 wins in 84 games. 1019.0 seconds elapsed
81 wins in 88 games. 1081.0 seconds elapsed
85 wins in 93 games. 1151.0 seconds elapsed
88 wins in 98 games. 1224.0 seconds elapsed
Won 90 games out of 100. Done in 1250.0 seconds
22 wins in 22 games. 60.0 seconds elapsed
46 wins in 46 games. 121.0 seconds elapsed
68 wins in 68 games. 181.0 seconds elapsed
95 wins in 95 games. 243.0 seconds elapsed
Won 100 games out of 100. Done in 252.0 seconds
1 wins in 4 games. 65.0 seconds elapsed
2 wins in 7 games. 137.0 seconds elapsed
2 wins in 11 games. 201.0 seconds elapsed
5 wins in 16 games. 263.0 seconds elapsed
5 wins in 20 games. 333.0 seconds elapsed
8 wins in 26 games. 405.0 seconds elapsed
10 wins in 30 games. 475.0 seconds elapsed
11 wins in 34 games. 548.0 seconds elapsed
12 wins in 38 games. 623.0 seconds elapsed
15 wins in 44 games. 688.0 seconds elapsed
16 wins in 49 games. 757.0 seconds elapsed
18 wins in 54 games. 831.0 seconds elapsed
19 wins in 58 games. 895.0 seconds elapsed
20 wins in 63 games. 959.0 seconds elapsed
20 wins in 67 games. 1022.0 seconds elapsed
20 wins in 72 games. 1102.0 seconds elapsed
20 wins in 76 games. 1178.0 seconds elapsed
20 wins in 80 games. 1250.0 seconds elapsed
23 wins in 85 games. 1327.0 seconds elapsed
25 wins in 89 games. 1405.0 seconds elapsed
26 wins in 93 games. 1481.0 seconds elapsed
27 wins in 98 games. 1546.0 seconds elapsed
Won 27 games out of 100. Done in 1574.0 seconds
1 wins in 7 games. 72.0 seconds elapsed
1 wins in 12 games. 138.0 seconds elapsed
2 wins in 17 games. 198.0 seconds elapsed
2 wins in 23 games. 281.0 seconds elapsed
2 wins in 25 games. 352.0 seconds elapsed
2 wins in 31 games. 420.0 seconds elapsed
3 wins in 37 games. 481.0 seconds elapsed
4 wins in 42 games. 543.0 seconds elapsed
4 wins in 48 games. 603.0 seconds elapsed
6 wins in 53 games. 664.0 seconds elapsed
6 wins in 58 games. 727.0 seconds elapsed
6 wins in 64 games. 789.0 seconds elapsed
6 wins in 69 games. 855.0 seconds elapsed
6 wins in 74 games. 915.0 seconds elapsed
7 wins in 79 games. 978.0 seconds elapsed
8 wins in 85 games. 1043.0 seconds elapsed
9 wins in 92 games. 1115.0 seconds elapsed
9 wins in 97 games. 1177.0 seconds elapsed
Won 9 games out of 100. Done in 1215.0 seconds
0 wins in 4 games. 71.0 seconds elapsed
0 wins in 9 games. 145.0 seconds elapsed
0 wins in 13 games. 218.0 seconds elapsed
0 wins in 17 games. 285.0 seconds elapsed
2 wins in 22 games. 350.0 seconds elapsed
3 wins in 26 games. 411.0 seconds elapsed
5 wins in 31 games. 480.0 seconds elapsed
5 wins in 34 games. 540.0 seconds elapsed
8 wins in 39 games. 612.0 seconds elapsed
9 wins in 43 games. 678.0 seconds elapsed
11 wins in 47 games. 739.0 seconds elapsed
15 wins in 52 games. 810.0 seconds elapsed
17 wins in 56 games. 884.0 seconds elapsed
19 wins in 60 games. 954.0 seconds elapsed
22 wins in 64 games. 1025.0 seconds elapsed
22 wins in 68 games. 1114.0 seconds elapsed
23 wins in 72 games. 1177.0 seconds elapsed
25 wins in 76 games. 1237.0 seconds elapsed
29 wins in 80 games. 1301.0 seconds elapsed
30 wins in 84 games. 1369.0 seconds elapsed
32 wins in 89 games. 1439.0 seconds elapsed
32 wins in 94 games. 1509.0 seconds elapsed
33 wins in 98 games. 1572.0 seconds elapsed
Won 35 games out of 100. Done in 1597.0 seconds
28 wins in 28 games. 62.0 seconds elapsed
49 wins in 49 games. 124.0 seconds elapsed
83 wins in 83 games. 187.0 seconds elapsed
Won 100 games out of 100. Done in 222.0 seconds
0 wins in 21 games. 62.0 seconds elapsed
1 wins in 43 games. 123.0 seconds elapsed
1 wins in 64 games. 184.0 seconds elapsed
1 wins in 81 games. 247.0 seconds elapsed
Won 1 games out of 100. Done in 305.0 seconds
1 wins in 15 games. 60.0 seconds elapsed
1 wins in 32 games. 122.0 seconds elapsed
1 wins in 51 games. 182.0 seconds elapsed
1 wins in 67 games. 247.0 seconds elapsed
3 wins in 81 games. 309.0 seconds elapsed
3 wins in 97 games. 372.0 seconds elapsed
Won 3 games out of 100. Done in 386.0 seconds
0 wins in 15 games. 60.0 seconds elapsed
2 wins in 30 games. 121.0 seconds elapsed
3 wins in 41 games. 184.0 seconds elapsed
4 wins in 47 games. 246.0 seconds elapsed
4 wins in 63 games. 306.0 seconds elapsed
4 wins in 81 games. 371.0 seconds elapsed
4 wins in 100 games. 432.0 seconds elapsed
Won 4 games out of 100. Done in 432.0 seconds
Won 61 games out of 100. Done in 2.0 seconds
[[38, 46, 73, 100], [70, 65, 90, 100], [27, 9, 35, 100], [1, 3, 4, 61]]
